<?xml version="1.0" encoding="UTF-8"?>
<!-- Generated by org.testng.reporters.JUnitReportReporter -->
<testsuite skipped="0" hostname="Sudhir" name="regression.TestCase1" tests="2" failures="0" timestamp="12 May 2020 06:52:11 GMT" time="0.000" errors="0">
  <testcase name="doUserReg" time="0.000" classname="regression.TestCase1"/>
  <testcase name="doLogin" time="0.000" classname="regression.TestCase1"/>
</testsuite> <!-- regression.TestCase1 -->
