<?xml version="1.0" encoding="UTF-8"?>
<!-- Generated by org.testng.reporters.JUnitReportReporter -->
<testsuite skipped="0" hostname="Sudhir" name="regression.TestCase1" tests="2" failures="0" timestamp="11 May 2020 11:23:46 GMT" time="0.010" errors="0">
  <testcase name="doUserReg" time="0.006" classname="regression.TestCase1"/>
  <testcase name="doLogin" time="0.004" classname="regression.TestCase1"/>
</testsuite> <!-- regression.TestCase1 -->
