<?xml version="1.0" encoding="UTF-8"?>
<!-- Generated by org.testng.reporters.JUnitReportReporter -->
<testsuite skipped="0" hostname="Sudhir" name="testCases.TestCase1" tests="2" failures="0" timestamp="11 May 2020 17:27:12 GMT" time="0.012" errors="0">
  <testcase name="doUserReg" time="0.006" classname="testCases.TestCase1"/>
  <testcase name="doLogin" time="0.006" classname="testCases.TestCase1"/>
</testsuite> <!-- testCases.TestCase1 -->
